[debug] [2024-11-08T03:59:29.079Z] ----------------------------------------------------------------------
[debug] [2024-11-08T03:59:29.083Z] Command:       C:\Program Files\nodejs\node.exe C:\Users\BS COM\AppData\Roaming\npm\node_modules\firebase-tools\lib\bin\firebase.js emulators:start
[debug] [2024-11-08T03:59:29.083Z] CLI Version:   13.24.1
[debug] [2024-11-08T03:59:29.083Z] Platform:      win32
[debug] [2024-11-08T03:59:29.083Z] Node Version:  v20.14.0
[debug] [2024-11-08T03:59:29.083Z] Time:          Thu Nov 07 2024 19:59:29 GMT-0800 (Pacific Standard Time)
[debug] [2024-11-08T03:59:29.084Z] ----------------------------------------------------------------------
[debug] 
[debug] [2024-11-08T03:59:29.245Z] > command requires scopes: ["email","openid","https://www.googleapis.com/auth/cloudplatformprojects.readonly","https://www.googleapis.com/auth/firebase","https://www.googleapis.com/auth/cloud-platform"]
[debug] [2024-11-08T03:59:29.246Z] > authorizing via signed-in user (muqadastehseen17@gmail.com)
[info] i  emulators: Starting emulators: functions, dataconnect, extensions {"metadata":{"emulator":{"name":"hub"},"message":"Starting emulators: functions, dataconnect, extensions"}}
[debug] [2024-11-08T03:59:29.252Z] Checked if tokens are valid: true, expires at: 1731040640469
[debug] [2024-11-08T03:59:29.252Z] Checked if tokens are valid: true, expires at: 1731040640469
[debug] [2024-11-08T03:59:29.254Z] >>> [apiv2][query] GET https://firebase.googleapis.com/v1beta1/projects/fiinalyear-project [none]
[debug] [2024-11-08T03:59:29.990Z] <<< [apiv2][status] GET https://firebase.googleapis.com/v1beta1/projects/fiinalyear-project 200
[debug] [2024-11-08T03:59:29.991Z] <<< [apiv2][body] GET https://firebase.googleapis.com/v1beta1/projects/fiinalyear-project {"projectId":"fiinalyear-project","projectNumber":"741011132072","displayName":"Fiinalyear-project","name":"projects/fiinalyear-project","resources":{"hostingSite":"fiinalyear-project","realtimeDatabaseInstance":"fiinalyear-project-default-rtdb"},"state":"ACTIVE","etag":"1_0ef04dcc-6157-4857-bbd9-f7bbd3bd030a"}
[debug] [2024-11-08T03:59:30.045Z] [logging] Logging Emulator only supports listening on one address (127.0.0.1). Not listening on ::1
[debug] [2024-11-08T03:59:30.046Z] [dataconnect.postgres] postgres server for dataconnect only supports listening on one address (127.0.0.1). Not listening on ::1
[debug] [2024-11-08T03:59:30.046Z] assigned listening specs for emulators {"user":{"hub":[{"address":"127.0.0.1","family":"IPv4","port":4400},{"address":"::1","family":"IPv6","port":4400}],"ui":[{"address":"127.0.0.1","family":"IPv4","port":4000},{"address":"::1","family":"IPv6","port":4000}],"logging":[{"address":"127.0.0.1","family":"IPv4","port":4500}],"dataconnect":[{"address":"127.0.0.1","family":"IPv4","port":9399},{"address":"::1","family":"IPv6","port":9399}],"dataconnect.postgres":[{"address":"127.0.0.1","family":"IPv4","port":5432}]},"metadata":{"message":"assigned listening specs for emulators"}}
[debug] [2024-11-08T03:59:30.059Z] [hub] writing locator at C:\Users\BSCOM~1\AppData\Local\Temp\hub-fiinalyear-project.json
[debug] [2024-11-08T03:59:30.075Z] [Extensions] Started Extensions emulator, this is a noop.
[debug] [2024-11-08T03:59:30.084Z] [functions] Functions Emulator only supports listening on one address (127.0.0.1). Not listening on ::1
[debug] [2024-11-08T03:59:30.085Z] [eventarc] Eventarc Emulator only supports listening on one address (127.0.0.1). Not listening on ::1
[debug] [2024-11-08T03:59:30.085Z] [tasks] Cloud Tasks Emulator only supports listening on one address (127.0.0.1). Not listening on ::1
[debug] [2024-11-08T03:59:30.085Z] late-assigned ports for functions and eventarc emulators {"user":{"hub":[{"address":"127.0.0.1","family":"IPv4","port":4400},{"address":"::1","family":"IPv6","port":4400}],"ui":[{"address":"127.0.0.1","family":"IPv4","port":4000},{"address":"::1","family":"IPv6","port":4000}],"logging":[{"address":"127.0.0.1","family":"IPv4","port":4500}],"dataconnect":[{"address":"127.0.0.1","family":"IPv4","port":9399},{"address":"::1","family":"IPv6","port":9399}],"dataconnect.postgres":[{"address":"127.0.0.1","family":"IPv4","port":5432}],"functions":[{"address":"127.0.0.1","family":"IPv4","port":5001}],"eventarc":[{"address":"127.0.0.1","family":"IPv4","port":9299}],"tasks":[{"address":"127.0.0.1","family":"IPv4","port":9499}]},"metadata":{"message":"late-assigned ports for functions and eventarc emulators"}}
[warn] !  functions: The following emulators are not running, calls to these services from the Functions emulator will affect production: auth, firestore, database, hosting, pubsub, storage {"metadata":{"emulator":{"name":"functions"},"message":"The following emulators are not running, calls to these services from the Functions emulator will affect production: \u001b[1mauth, firestore, database, hosting, pubsub, storage\u001b[22m"}}
[debug] [2024-11-08T03:59:30.091Z] defaultcredentials: writing to file C:\Users\BS COM\AppData\Roaming\firebase\muqadastehseen17_gmail_com_application_default_credentials.json
[debug] [2024-11-08T03:59:30.095Z] Setting GAC to C:\Users\BS COM\AppData\Roaming\firebase\muqadastehseen17_gmail_com_application_default_credentials.json {"metadata":{"emulator":{"name":"functions"},"message":"Setting GAC to C:\\Users\\BS COM\\AppData\\Roaming\\firebase\\muqadastehseen17_gmail_com_application_default_credentials.json"}}
[debug] [2024-11-08T03:59:30.096Z] Checked if tokens are valid: true, expires at: 1731040640469
[debug] [2024-11-08T03:59:30.097Z] Checked if tokens are valid: true, expires at: 1731040640469
[debug] [2024-11-08T03:59:30.097Z] >>> [apiv2][query] GET https://firebase.googleapis.com/v1beta1/projects/fiinalyear-project/adminSdkConfig [none]
[debug] [2024-11-08T03:59:30.604Z] <<< [apiv2][status] GET https://firebase.googleapis.com/v1beta1/projects/fiinalyear-project/adminSdkConfig 200
[debug] [2024-11-08T03:59:30.604Z] <<< [apiv2][body] GET https://firebase.googleapis.com/v1beta1/projects/fiinalyear-project/adminSdkConfig {"projectId":"fiinalyear-project","databaseURL":"https://fiinalyear-project-default-rtdb.firebaseio.com","storageBucket":"fiinalyear-project.firebasestorage.app"}
[debug] [2024-11-08T03:59:30.712Z] I1107 19:59:30.695315   15048 control.go:45] [engine.Service /emulator/fp1 209c] UpdateSchema(): done sources: schema\schema.gql [1384B] 
I1107 19:59:30.704846   15048 control.go:73] [engine.Service /emulator/fp1 209c] UpdateConnector(default): done sources: connector\mutations.gql [1163B] connector\queries.gql [1855B] 
 {"metadata":{"emulator":{"name":"dataconnect"},"message":"I1107 19:59:30.695315   15048 control.go:45] [engine.Service /emulator/fp1 209c] UpdateSchema(): done sources: schema\\schema.gql [1384B] \nI1107 19:59:30.704846   15048 control.go:73] [engine.Service /emulator/fp1 209c] UpdateConnector(default): done sources: connector\\mutations.gql [1163B] connector\\queries.gql [1855B] \n"}}
[debug] [2024-11-08T03:59:30.736Z] Ignoring unsupported arg: auto_download {"metadata":{"emulator":{"name":"dataconnect"},"message":"Ignoring unsupported arg: auto_download"}}
[debug] [2024-11-08T03:59:30.736Z] Ignoring unsupported arg: port {"metadata":{"emulator":{"name":"dataconnect"},"message":"Ignoring unsupported arg: port"}}
[debug] [2024-11-08T03:59:30.736Z] Starting Data Connect Emulator with command {"binary":"C:\\Users\\BS COM\\.cache\\firebase\\emulators\\dataconnect-emulator-1.6.0.exe","args":["--logtostderr","-v=2","dev","--listen=127.0.0.1:9399,[::1]:9399","--config_dir=C:\\Users\\BS COM\\fp1\\dataconnect","--enable_output_schema_extensions=true","--enable_output_generated_sdk=true"],"optionalArgs":["listen","config_dir","enable_output_schema_extensions","enable_output_generated_sdk"],"joinArgs":true,"shell":false,"port":9399} {"metadata":{"emulator":{"name":"dataconnect"},"message":"Starting Data Connect Emulator with command {\"binary\":\"C:\\\\Users\\\\BS COM\\\\.cache\\\\firebase\\\\emulators\\\\dataconnect-emulator-1.6.0.exe\",\"args\":[\"--logtostderr\",\"-v=2\",\"dev\",\"--listen=127.0.0.1:9399,[::1]:9399\",\"--config_dir=C:\\\\Users\\\\BS COM\\\\fp1\\\\dataconnect\",\"--enable_output_schema_extensions=true\",\"--enable_output_generated_sdk=true\"],\"optionalArgs\":[\"listen\",\"config_dir\",\"enable_output_schema_extensions\",\"enable_output_generated_sdk\"],\"joinArgs\":true,\"shell\":false,\"port\":9399}"}}
[info] i  dataconnect: Data Connect Emulator logging to dataconnect-debug.log {"metadata":{"emulator":{"name":"dataconnect"},"message":"Data Connect Emulator logging to \u001b[1mdataconnect-debug.log\u001b[22m"}}
[debug] [2024-11-08T03:59:30.886Z] I1107 19:59:30.797762     680 load.go:37] Reloading schema and connectors...
I1107 19:59:30.811961     680 control.go:45] [engine.Service /emulator/fp1 6e65] UpdateSchema(): done sources: schema\schema.gql [1384B] 
I1107 19:59:30.821796     680 control.go:73] [engine.Service /emulator/fp1 6e65] UpdateConnector(default): done sources: connector\mutations.gql [1163B] connector\queries.gql [1855B] 
 {"metadata":{"emulator":{"name":"dataconnect"},"message":"I1107 19:59:30.797762     680 load.go:37] Reloading schema and connectors...\nI1107 19:59:30.811961     680 control.go:45] [engine.Service /emulator/fp1 6e65] UpdateSchema(): done sources: schema\\schema.gql [1384B] \nI1107 19:59:30.821796     680 control.go:73] [engine.Service /emulator/fp1 6e65] UpdateConnector(default): done sources: connector\\mutations.gql [1163B] connector\\queries.gql [1855B] \n"}}
[debug] [2024-11-08T03:59:30.900Z] I1107 19:59:30.896641     680 codegen.go:82] [connector "default" javascriptSdk] Generating sources into "C:\\Users\\BS COM\\fp1\\dataconnect-generated\\js\\default-connector"
I1107 19:59:30.898909     680 collector.go:107] schema extensions wrote into "C:\\Users\\BS COM\\fp1\\dataconnect\\.dataconnect\\schema"
Generated sources: prelude.gql [61293B] 
 {"metadata":{"emulator":{"name":"dataconnect"},"message":"I1107 19:59:30.896641     680 codegen.go:82] [connector \"default\" javascriptSdk] Generating sources into \"C:\\\\Users\\\\BS COM\\\\fp1\\\\dataconnect-generated\\\\js\\\\default-connector\"\nI1107 19:59:30.898909     680 collector.go:107] schema extensions wrote into \"C:\\\\Users\\\\BS COM\\\\fp1\\\\dataconnect\\\\.dataconnect\\\\schema\"\nGenerated sources: prelude.gql [61293B] \n"}}
[debug] [2024-11-08T03:59:30.903Z] I1107 19:59:30.899726     680 collector.go:107] connector "default" javascriptSdk wrote into "C:\\Users\\BS COM\\fp1\\dataconnect-generated\\js\\default-connector"
Generated sources: index.d.ts [264B] esm\index.esm.js [176B] esm\package.json [17B] index.cjs.js [217B] package.json [623B] 
 {"metadata":{"emulator":{"name":"dataconnect"},"message":"I1107 19:59:30.899726     680 collector.go:107] connector \"default\" javascriptSdk wrote into \"C:\\\\Users\\\\BS COM\\\\fp1\\\\dataconnect-generated\\\\js\\\\default-connector\"\nGenerated sources: index.d.ts [264B] esm\\index.esm.js [176B] esm\\package.json [17B] index.cjs.js [217B] package.json [623B] \n"}}
[debug] [2024-11-08T03:59:30.978Z] I1107 19:59:30.977673     680 installsdk.go:76] Running command: C:\Program Files\nodejs\npm.cmd install file:dataconnect-generated\js\default-connector
 {"metadata":{"emulator":{"name":"dataconnect"},"message":"I1107 19:59:30.977673     680 installsdk.go:76] Running command: C:\\Program Files\\nodejs\\npm.cmd install file:dataconnect-generated\\js\\default-connector\n"}}
[debug] [2024-11-08T03:59:34.622Z] [Data Connect] Connecting to postgres://127.0.0.1:5432/fdcdb?sslmode=disable}...
[debug] [2024-11-08T03:59:34.623Z] >>> [apiv2][query] POST http://127.0.0.1:9399/emulator/configure [none]
[debug] [2024-11-08T03:59:34.623Z] >>> [apiv2][body] POST http://127.0.0.1:9399/emulator/configure {"connectionString":"postgres://127.0.0.1:5432/fdcdb?sslmode=disable","database":"fdcdb","serviceId":"fp1","maxOpenConnections":1}
[debug] [2024-11-08T03:59:34.658Z] *** [apiv2] error from fetch(http://127.0.0.1:9399/emulator/configure, {"headers":{},"method":"POST","body":"{\"connectionString\":\"postgres://127.0.0.1:5432/fdcdb?sslmode=disable\",\"database\":\"fdcdb\",\"serviceId\":\"fp1\",\"maxOpenConnections\":1}"}): FetchError: request to http://127.0.0.1:9399/emulator/configure failed, reason: connect ECONNREFUSED 127.0.0.1:9399
[debug] [2024-11-08T03:59:34.659Z] [Data Connect] Retrying connectToPostgress call (1 of 3 attempts): FirebaseError: Data Connect emulator: undefined
[debug] [2024-11-08T03:59:35.928Z] E1107 19:59:35.928465     680 installsdk.go:78] Failed to install package: exit status 1
 {"metadata":{"emulator":{"name":"dataconnect"},"message":"E1107 19:59:35.928465     680 installsdk.go:78] Failed to install package: exit status 1\n"}}
[debug] [2024-11-08T03:59:35.930Z] I1107 19:59:35.928465     680 load.go:115] Finished reloading
 {"metadata":{"emulator":{"name":"dataconnect"},"message":"I1107 19:59:35.928465     680 load.go:115] Finished reloading\n"}}
[debug] [2024-11-08T03:59:35.931Z] I1107 19:59:35.931583     680 dev.go:95] Listening on address (HTTP + gRPC): 127.0.0.1:9399
 {"metadata":{"emulator":{"name":"dataconnect"},"message":"I1107 19:59:35.931583     680 dev.go:95] Listening on address (HTTP + gRPC): 127.0.0.1:9399\n"}}
[debug] [2024-11-08T03:59:35.932Z] I1107 19:59:35.932095     680 dev.go:95] Listening on address (HTTP + gRPC): [::1]:9399
 {"metadata":{"emulator":{"name":"dataconnect"},"message":"I1107 19:59:35.932095     680 dev.go:95] Listening on address (HTTP + gRPC): [::1]:9399\n"}}
[debug] [2024-11-08T03:59:36.667Z] [Data Connect] Connecting to postgres://127.0.0.1:5432/fdcdb?sslmode=disable}...
[debug] [2024-11-08T03:59:36.668Z] >>> [apiv2][query] POST http://127.0.0.1:9399/emulator/configure [none]
[debug] [2024-11-08T03:59:36.669Z] >>> [apiv2][body] POST http://127.0.0.1:9399/emulator/configure {"connectionString":"postgres://127.0.0.1:5432/fdcdb?sslmode=disable","database":"fdcdb","serviceId":"fp1","maxOpenConnections":1}
[debug] [2024-11-08T03:59:36.690Z] Frontend message 
[debug] [2024-11-08T03:59:36.695Z] Backend message AuthenticationResponse
[debug] [2024-11-08T03:59:36.697Z] Backend message ParameterStatus
[debug] [2024-11-08T03:59:36.698Z] Backend message ReadyForQuery
[debug] [2024-11-08T03:59:36.700Z] Frontend message Query
[debug] [2024-11-08T03:59:36.702Z] Backend message EmptyQuery
[debug] [2024-11-08T03:59:36.703Z] Backend message ReadyForQuery
[debug] [2024-11-08T03:59:36.724Z] Frontend message Query
[debug] [2024-11-08T03:59:36.737Z] Backend message RowDescriptionMessage
[debug] [2024-11-08T03:59:36.740Z] Backend message DataRow
[debug] [2024-11-08T03:59:36.741Z] Backend message CommandComplete
[debug] [2024-11-08T03:59:36.741Z] Backend message ReadyForQuery
[debug] [2024-11-08T03:59:36.742Z] Frontend message Parse
[debug] [2024-11-08T03:59:36.745Z] Backend message ParseComplete
[debug] [2024-11-08T03:59:36.745Z] Frontend message Describe
[debug] [2024-11-08T03:59:36.746Z] Backend message ParameterDescriptionMessage
[debug] [2024-11-08T03:59:36.746Z] Backend message RowDescriptionMessage
[debug] [2024-11-08T03:59:36.747Z] Frontend message Sync
[debug] [2024-11-08T03:59:36.748Z] Backend message ReadyForQuery
[debug] [2024-11-08T03:59:36.749Z] Frontend message Bind
[debug] [2024-11-08T03:59:36.750Z] Backend message BindComplete
[debug] [2024-11-08T03:59:36.751Z] Frontend message Execute
[debug] [2024-11-08T03:59:36.754Z] Backend message DataRow
[debug] [2024-11-08T03:59:36.754Z] Backend message CommandComplete
[debug] [2024-11-08T03:59:36.755Z] Frontend message Sync
[debug] [2024-11-08T03:59:36.756Z] Backend message ReadyForQuery
[debug] [2024-11-08T03:59:36.757Z] Frontend message Parse
[debug] [2024-11-08T03:59:36.758Z] Backend message ParseComplete
[debug] [2024-11-08T03:59:36.759Z] Frontend message Describe
[debug] [2024-11-08T03:59:36.760Z] Backend message ParameterDescriptionMessage
[debug] [2024-11-08T03:59:36.761Z] Backend message RowDescriptionMessage
[debug] [2024-11-08T03:59:36.761Z] Frontend message Sync
[debug] [2024-11-08T03:59:36.762Z] Backend message ReadyForQuery
[debug] [2024-11-08T03:59:36.762Z] Frontend message Bind
[debug] [2024-11-08T03:59:36.764Z] Backend message BindComplete
[debug] [2024-11-08T03:59:36.765Z] Frontend message Execute
[debug] [2024-11-08T03:59:36.765Z] Backend message CommandComplete
[debug] [2024-11-08T03:59:36.765Z] Frontend message Sync
[debug] [2024-11-08T03:59:36.766Z] Backend message ReadyForQuery
[debug] [2024-11-08T03:59:36.766Z] Frontend message Parse
[debug] [2024-11-08T03:59:36.769Z] Backend message ParseComplete
[debug] [2024-11-08T03:59:36.770Z] Frontend message Describe
[debug] [2024-11-08T03:59:36.770Z] Backend message ParameterDescriptionMessage
[debug] [2024-11-08T03:59:36.771Z] Backend message RowDescriptionMessage
[debug] [2024-11-08T03:59:36.771Z] Frontend message Sync
[debug] [2024-11-08T03:59:36.771Z] Backend message ReadyForQuery
[debug] [2024-11-08T03:59:36.772Z] Frontend message Bind
[debug] [2024-11-08T03:59:36.787Z] Backend message BindComplete
[debug] [2024-11-08T03:59:36.788Z] Frontend message Execute
[debug] [2024-11-08T03:59:36.799Z] Backend message CommandComplete
[debug] [2024-11-08T03:59:36.799Z] Frontend message Sync
[debug] [2024-11-08T03:59:36.800Z] Backend message ReadyForQuery
[debug] [2024-11-08T03:59:36.812Z] Frontend message Query
[debug] [2024-11-08T03:59:36.813Z] Backend message RowDescriptionMessage
[debug] [2024-11-08T03:59:36.813Z] Backend message DataRow
[debug] [2024-11-08T03:59:36.814Z] Backend message CommandComplete
[debug] [2024-11-08T03:59:36.814Z] Backend message ReadyForQuery
[debug] [2024-11-08T03:59:36.819Z] Frontend message Parse
[debug] [2024-11-08T03:59:36.819Z] Backend message ParseComplete
[debug] [2024-11-08T03:59:36.820Z] Frontend message Describe
[debug] [2024-11-08T03:59:36.821Z] Backend message ParameterDescriptionMessage
[debug] [2024-11-08T03:59:36.822Z] Backend message RowDescriptionMessage
[debug] [2024-11-08T03:59:36.822Z] Frontend message Sync
[debug] [2024-11-08T03:59:36.822Z] Backend message ReadyForQuery
[debug] [2024-11-08T03:59:36.823Z] Frontend message Bind
[debug] [2024-11-08T03:59:36.823Z] Backend message BindComplete
[debug] [2024-11-08T03:59:36.824Z] Frontend message Execute
[debug] [2024-11-08T03:59:36.825Z] Backend message DataRow
[debug] [2024-11-08T03:59:36.825Z] Backend message CommandComplete
[debug] [2024-11-08T03:59:36.825Z] Frontend message Sync
[debug] [2024-11-08T03:59:36.826Z] Backend message ReadyForQuery
[debug] [2024-11-08T03:59:36.826Z] Frontend message Parse
[debug] [2024-11-08T03:59:36.828Z] Backend message ParseComplete
[debug] [2024-11-08T03:59:36.828Z] Frontend message Describe
[debug] [2024-11-08T03:59:36.828Z] Backend message ParameterDescriptionMessage
[debug] [2024-11-08T03:59:36.828Z] Backend message RowDescriptionMessage
[debug] [2024-11-08T03:59:36.829Z] Frontend message Sync
[debug] [2024-11-08T03:59:36.829Z] Backend message ReadyForQuery
[debug] [2024-11-08T03:59:36.829Z] Frontend message Bind
[debug] [2024-11-08T03:59:36.831Z] Backend message BindComplete
[debug] [2024-11-08T03:59:36.831Z] Frontend message Execute
[debug] [2024-11-08T03:59:36.832Z] Backend message CommandComplete
[debug] [2024-11-08T03:59:36.832Z] Frontend message Sync
[debug] [2024-11-08T03:59:36.832Z] Backend message ReadyForQuery
[debug] [2024-11-08T03:59:36.833Z] Frontend message Parse
[debug] [2024-11-08T03:59:36.834Z] Backend message ParseComplete
[debug] [2024-11-08T03:59:36.834Z] Frontend message Describe
[debug] [2024-11-08T03:59:36.835Z] Backend message ParameterDescriptionMessage
[debug] [2024-11-08T03:59:36.835Z] Backend message RowDescriptionMessage
[debug] [2024-11-08T03:59:36.835Z] Frontend message Sync
[debug] [2024-11-08T03:59:36.835Z] Backend message ReadyForQuery
[debug] [2024-11-08T03:59:36.836Z] Frontend message Bind
[debug] [2024-11-08T03:59:36.843Z] Backend message BindComplete
[debug] [2024-11-08T03:59:36.843Z] Frontend message Execute
[debug] [2024-11-08T03:59:36.844Z] Backend message CommandComplete
[debug] [2024-11-08T03:59:36.844Z] Frontend message Sync
[debug] [2024-11-08T03:59:36.845Z] Backend message ReadyForQuery
[debug] [2024-11-08T03:59:36.847Z] Frontend message Query
[debug] [2024-11-08T03:59:36.848Z] Backend message RowDescriptionMessage
[debug] [2024-11-08T03:59:36.848Z] Backend message DataRow
[debug] [2024-11-08T03:59:36.849Z] Backend message CommandComplete
[debug] [2024-11-08T03:59:36.849Z] Backend message ReadyForQuery
[debug] [2024-11-08T03:59:36.863Z] I1107 19:59:36.862524     680 control.go:45] [engine.Service /emulator/fp1 5781] UpdateSchema(): done sources: schema\schema.gql [1384B] 
 {"metadata":{"emulator":{"name":"dataconnect"},"message":"I1107 19:59:36.862524     680 control.go:45] [engine.Service /emulator/fp1 5781] UpdateSchema(): done sources: schema\\schema.gql [1384B] \n"}}
[debug] [2024-11-08T03:59:36.863Z] I1107 19:59:36.862524     680 control.go:73] [engine.Service /emulator/fp1 5781] UpdateConnector(default): done sources: connector\mutations.gql [1163B] connector\queries.gql [1855B] 
 {"metadata":{"emulator":{"name":"dataconnect"},"message":"I1107 19:59:36.862524     680 control.go:73] [engine.Service /emulator/fp1 5781] UpdateConnector(default): done sources: connector\\mutations.gql [1163B] connector\\queries.gql [1855B] \n"}}
[debug] [2024-11-08T03:59:36.866Z] <<< [apiv2][status] POST http://127.0.0.1:9399/emulator/configure 200
[debug] [2024-11-08T03:59:36.866Z] <<< [apiv2][body] POST http://127.0.0.1:9399/emulator/configure {}
[debug] [2024-11-08T03:59:36.866Z] [Data Connect] Successfully connected to postgres://127.0.0.1:5432/fdcdb?sslmode=disable}
[debug] [2024-11-08T03:59:36.880Z] Ignoring unsupported arg: auto_download {"metadata":{"emulator":{"name":"ui"},"message":"Ignoring unsupported arg: auto_download"}}
[debug] [2024-11-08T03:59:36.880Z] Ignoring unsupported arg: port {"metadata":{"emulator":{"name":"ui"},"message":"Ignoring unsupported arg: port"}}
[debug] [2024-11-08T03:59:36.881Z] Starting Emulator UI with command {"binary":"node","args":["C:\\Users\\BS COM\\.cache\\firebase\\emulators\\ui-v1.14.0\\server\\server.mjs"],"optionalArgs":[],"joinArgs":false,"shell":false,"port":4000} {"metadata":{"emulator":{"name":"ui"},"message":"Starting Emulator UI with command {\"binary\":\"node\",\"args\":[\"C:\\\\Users\\\\BS COM\\\\.cache\\\\firebase\\\\emulators\\\\ui-v1.14.0\\\\server\\\\server.mjs\"],\"optionalArgs\":[],\"joinArgs\":false,\"shell\":false,\"port\":4000}"}}
[info] i  ui: Emulator UI logging to ui-debug.log {"metadata":{"emulator":{"name":"ui"},"message":"Emulator UI logging to \u001b[1mui-debug.log\u001b[22m"}}
[debug] [2024-11-08T03:59:37.092Z] Web / API server started at 127.0.0.1:4000
 {"metadata":{"emulator":{"name":"ui"},"message":"Web / API server started at 127.0.0.1:4000\n"}}
[debug] [2024-11-08T03:59:37.094Z] Web / API server started at ::1:4000
 {"metadata":{"emulator":{"name":"ui"},"message":"Web / API server started at ::1:4000\n"}}
[debug] [2024-11-08T03:59:37.094Z] [Extensions] Connecting Extensions emulator, this is a noop.
[info] i  functions: Watching "C:\Users\BS COM\fp1\functions" for Cloud Functions... {"metadata":{"emulator":{"name":"functions"},"message":"Watching \"C:\\Users\\BS COM\\fp1\\functions\" for Cloud Functions..."}}
[debug] [2024-11-08T03:59:37.106Z] Validating nodejs source
[debug] [2024-11-08T03:59:40.612Z] > [functions] package.json contents: {
  "name": "functions",
  "description": "Cloud Functions for Firebase",
  "scripts": {
    "lint": "eslint .",
    "serve": "firebase emulators:start --only functions",
    "shell": "firebase functions:shell",
    "start": "npm run shell",
    "deploy": "firebase deploy --only functions",
    "logs": "firebase functions:log"
  },
  "engines": {
    "node": "18"
  },
  "main": "index.js",
  "dependencies": {
    "firebase-admin": "^12.6.0",
    "firebase-functions": "^6.0.1",
    "nodemailer": "^6.9.16"
  },
  "devDependencies": {
    "eslint": "^8.15.0",
    "eslint-config-google": "^0.14.0",
    "firebase-functions-test": "^3.1.0"
  },
  "private": true
}
[debug] [2024-11-08T03:59:40.613Z] Building nodejs source
[debug] [2024-11-08T03:59:40.613Z] Failed to find version of module node: reached end of search path C:\Users\BS COM\fp1\functions\node_modules
[warn] !  functions: Your requested "node" version "18" doesn't match your global version "20". Using node@20 from host. 
[debug] [2024-11-08T03:59:40.617Z] Could not find functions.yaml. Must use http discovery
[debug] [2024-11-08T03:59:40.634Z] Found firebase-functions binary at 'C:\Users\BS COM\fp1\functions\node_modules\.bin\firebase-functions'
[info] Serving at port 8302

[debug] [2024-11-08T03:59:41.718Z] Got response from /__/functions.yaml {"endpoints":{"sendEmailNotification":{"availableMemoryMb":null,"timeoutSeconds":null,"minInstances":null,"maxInstances":null,"ingressSettings":null,"concurrency":null,"serviceAccountEmail":null,"vpc":null,"platform":"gcfv2","labels":{},"httpsTrigger":{},"entryPoint":"sendEmailNotification"}},"specVersion":"v1alpha1","requiredAPIs":[],"extensions":{}}
[debug] [2024-11-08T03:59:46.769Z] defaultcredentials: writing to file C:\Users\BS COM\AppData\Roaming\firebase\muqadastehseen17_gmail_com_application_default_credentials.json
[debug] [2024-11-08T03:59:46.770Z] Setting GAC to C:\Users\BS COM\AppData\Roaming\firebase\muqadastehseen17_gmail_com_application_default_credentials.json {"metadata":{"emulator":{"name":"functions"},"message":"Setting GAC to C:\\Users\\BS COM\\AppData\\Roaming\\firebase\\muqadastehseen17_gmail_com_application_default_credentials.json"}}
[info] +  functions: Loaded functions definitions from source: sendEmailNotification. {"metadata":{"emulator":{"name":"functions"},"message":"Loaded functions definitions from source: sendEmailNotification."}}
[info] +  functions[us-central1-sendEmailNotification]: http function initialized (http://127.0.0.1:5001/fiinalyear-project/us-central1/sendEmailNotification). {"metadata":{"emulator":{"name":"functions"},"message":"\u001b[1mhttp\u001b[22m function initialized (http://127.0.0.1:5001/fiinalyear-project/us-central1/sendEmailNotification)."}}
[debug] [2024-11-08T03:59:46.782Z] >>> [apiv2][query] GET http://127.0.0.1:9399/emulator/info [none]
[debug] [2024-11-08T03:59:46.790Z] <<< [apiv2][status] GET http://127.0.0.1:9399/emulator/info 200
[debug] [2024-11-08T03:59:46.791Z] <<< [apiv2][body] GET http://127.0.0.1:9399/emulator/info {"version":"","services":[{"serviceId":"fp1","connectionString":"dbname='fdcdb' host='127.0.0.1' port='5432' sslmode='disable' dbname='fdcdb'"}]}
[debug] [2024-11-08T03:59:46.808Z] Could not find VSCode notification endpoint: FetchError: request to http://localhost:40001/vscode/notify failed, reason: . If you are not running the Firebase Data Connect VSCode extension, this is expected and not an issue.
[info] 
┌─────────────────────────────────────────────────────────────┐
│ ✔  All emulators ready! It is now safe to connect your app. │
│ i  View Emulator UI at http://127.0.0.1:4000/               │
└─────────────────────────────────────────────────────────────┘

┌──────────────┬────────────────┬──────────────────────────────────┐
│ Emulator     │ Host:Port      │ View in Emulator UI              │
├──────────────┼────────────────┼──────────────────────────────────┤
│ Functions    │ 127.0.0.1:5001 │ http://127.0.0.1:4000/functions  │
├──────────────┼────────────────┼──────────────────────────────────┤
│ Data Connect │ 127.0.0.1:9399 │ n/a                              │
├──────────────┼────────────────┼──────────────────────────────────┤
│ Extensions   │ 127.0.0.1:5001 │ http://127.0.0.1:4000/extensions │
└──────────────┴────────────────┴──────────────────────────────────┘
  Emulator Hub running at 127.0.0.1:4400
  Other reserved ports: 4500
┌─────────────────────────┬───────────────┬─────────────────────┐
│ Extension Instance Name │ Extension Ref │ View in Emulator UI │
└─────────────────────────┴───────────────┴─────────────────────┘
Issues? Report them at https://github.com/firebase/firebase-tools/issues and attach the *-debug.log files.
 
[debug] [2024-11-08T04:34:08.253Z] Received signal SIGHUP 1
[info]  
[info] i  emulators: Received SIGHUP for the first time. Starting a clean shutdown. 
[info] i  emulators: Please wait for a clean shutdown or send the SIGHUP signal again to stop right now. 
[info] i  emulators: Shutting down emulators. {"metadata":{"emulator":{"name":"hub"},"message":"Shutting down emulators."}}
[info] i  ui: Stopping Emulator UI {"metadata":{"emulator":{"name":"ui"},"message":"Stopping Emulator UI"}}
[warn] !  Emulator UI has exited upon receiving signal: SIGINT 
[info] i  extensions: Stopping Extensions Emulator {"metadata":{"emulator":{"name":"extensions"},"message":"Stopping Extensions Emulator"}}
[debug] [2024-11-08T04:34:08.275Z] [Extensions] Stopping Extensions emulator, this is a noop.
[info] i  functions: Stopping Functions Emulator {"metadata":{"emulator":{"name":"functions"},"message":"Stopping Functions Emulator"}}
[info] i  eventarc: Stopping Eventarc Emulator {"metadata":{"emulator":{"name":"eventarc"},"message":"Stopping Eventarc Emulator"}}
[info] i  dataconnect: Stopping Data Connect Emulator {"metadata":{"emulator":{"name":"dataconnect"},"message":"Stopping Data Connect Emulator"}}
[error] !!  Data Connect: Postgres threw an unexpected error, shutting down the Data Connect emulator: Error: read ECONNRESET {"metadata":{"emulator":{"name":"dataconnect"},"message":"Postgres threw an unexpected error, shutting down the Data Connect emulator: Error: read ECONNRESET"}}
[info] i  emulators: Shutting down emulators. {"metadata":{"emulator":{"name":"hub"},"message":"Shutting down emulators."}}
[info] i  dataconnect: Stopping Data Connect Emulator {"metadata":{"emulator":{"name":"dataconnect"},"message":"Stopping Data Connect Emulator"}}
[info] i  tasks: Stopping Cloud Tasks Emulator {"metadata":{"emulator":{"name":"tasks"},"message":"Stopping Cloud Tasks Emulator"}}
[info] i  hub: Stopping emulator hub {"metadata":{"emulator":{"name":"hub"},"message":"Stopping emulator hub"}}
[debug] [2024-11-08T04:34:08.310Z] Error: read ECONNRESET
    at TCP.onStreamRead (node:internal/stream_base_commons:218:20)
[error] 
[error] Error: An unexpected error has occurred.
[info] i  logging: Stopping Logging Emulator {"metadata":{"emulator":{"name":"logging"},"message":"Stopping Logging Emulator"}}
[warn] !  Data Connect Emulator has exited upon receiving signal: SIGINT 
[info] i  tasks: Stopping Cloud Tasks Emulator {"metadata":{"emulator":{"name":"tasks"},"message":"Stopping Cloud Tasks Emulator"}}
[info] i  hub: Stopping emulator hub {"metadata":{"emulator":{"name":"hub"},"message":"Stopping emulator hub"}}
[info] i  logging: Stopping Logging Emulator {"metadata":{"emulator":{"name":"logging"},"message":"Stopping Logging Emulator"}}
[debug] [2024-11-08T04:34:08.338Z] Could not find VSCode notification endpoint: FetchError: request to http://localhost:40001/vscode/notify failed, reason: . If you are not running the Firebase Data Connect VSCode extension, this is expected and not an issue.
[debug] [2024-11-08T04:34:08.338Z] Could not find VSCode notification endpoint: FetchError: request to http://localhost:40001/vscode/notify failed, reason: . If you are not running the Firebase Data Connect VSCode extension, this is expected and not an issue.
